INFO:     Started server process [28340]
INFO:     Waiting for application startup.
INFO:     Application startup complete.
INFO:     Uvicorn running on http://127.0.0.1:8000 (Press CTRL+C to quit)
ERROR:    Exception in ASGI application
Traceback (most recent call last):
  File "C:\Python312\Lib\site-packages\uvicorn\protocols\http\httptools_impl.py", line 421, in run_asgi
    result = await app(  # type: ignore[func-returns-value]
             ^^^^^^^^^^^^^^^^^^^^^^^^^^^^^^^^^^^^^^^^^^^^^^
  File "C:\Python312\Lib\site-packages\uvicorn\middleware\proxy_headers.py", line 56, in __call__
    return await self.app(scope, receive, send)
           ^^^^^^^^^^^^^^^^^^^^^^^^^^^^^^^^^^^^
  File "C:\Users\vinay\AppData\Roaming\Python\Python312\site-packages\fastapi\applications.py", line 1159, in __call__
    await super().__call__(scope, receive, send)
  File "C:\Users\vinay\AppData\Roaming\Python\Python312\site-packages\starlette\applications.py", line 90, in __call__
    await self.middleware_stack(scope, receive, send)
  File "C:\Users\vinay\AppData\Roaming\Python\Python312\site-packages\starlette\middleware\errors.py", line 186, in __call__
    raise exc
  File "C:\Users\vinay\AppData\Roaming\Python\Python312\site-packages\starlette\middleware\errors.py", line 164, in __call__
    await self.app(scope, receive, _send)
  File "C:\Users\vinay\AppData\Roaming\Python\Python312\site-packages\starlette\middleware\cors.py", line 96, in __call__
    await self.simple_response(scope, receive, send, request_headers=headers)
  File "C:\Users\vinay\AppData\Roaming\Python\Python312\site-packages\starlette\middleware\cors.py", line 154, in simple_response
    await self.app(scope, receive, send)
  File "C:\Users\vinay\AppData\Roaming\Python\Python312\site-packages\starlette\middleware\exceptions.py", line 63, in __call__
    await wrap_app_handling_exceptions(self.app, conn)(scope, receive, send)
  File "C:\Users\vinay\AppData\Roaming\Python\Python312\site-packages\starlette\_exception_handler.py", line 53, in wrapped_app
    raise exc
  File "C:\Users\vinay\AppData\Roaming\Python\Python312\site-packages\starlette\_exception_handler.py", line 42, in wrapped_app
    await app(scope, receive, sender)
  File "C:\Users\vinay\AppData\Roaming\Python\Python312\site-packages\fastapi\middleware\asyncexitstack.py", line 18, in __call__
    await self.app(scope, receive, send)
  File "C:\Users\vinay\AppData\Roaming\Python\Python312\site-packages\starlette\routing.py", line 660, in __call__
    await self.middleware_stack(scope, receive, send)
  File "C:\Users\vinay\AppData\Roaming\Python\Python312\site-packages\starlette\routing.py", line 680, in app
    await route.handle(scope, receive, send)
  File "C:\Users\vinay\AppData\Roaming\Python\Python312\site-packages\starlette\routing.py", line 276, in handle
    await self.app(scope, receive, send)
  File "C:\Users\vinay\AppData\Roaming\Python\Python312\site-packages\fastapi\routing.py", line 134, in app
    await wrap_app_handling_exceptions(app, request)(scope, receive, send)
  File "C:\Users\vinay\AppData\Roaming\Python\Python312\site-packages\starlette\_exception_handler.py", line 53, in wrapped_app
    raise exc
  File "C:\Users\vinay\AppData\Roaming\Python\Python312\site-packages\starlette\_exception_handler.py", line 42, in wrapped_app
    await app(scope, receive, sender)
  File "C:\Users\vinay\AppData\Roaming\Python\Python312\site-packages\fastapi\routing.py", line 120, in app
    response = await f(request)
               ^^^^^^^^^^^^^^^^
  File "C:\Users\vinay\AppData\Roaming\Python\Python312\site-packages\fastapi\routing.py", line 457, in app
    solved_result = await solve_dependencies(
                    ^^^^^^^^^^^^^^^^^^^^^^^^^
  File "C:\Users\vinay\AppData\Roaming\Python\Python312\site-packages\fastapi\dependencies\utils.py", line 678, in solve_dependencies
    solved = await call(**solved_result.values)
             ^^^^^^^^^^^^^^^^^^^^^^^^^^^^^^^^^^
  File "C:\Users\vinay\OneDrive\Desktop\All my projects\TechM\ContractLens\backend\app\api\deps.py", line 24, in get_current_user
    user = await db.user.find_unique(where={"id": user_id}, include={"role": True})
           ^^^^^^^^^^^^^^^^^^^^^^^^^^^^^^^^^^^^^^^^^^^^^^^^^^^^^^^^^^^^^^^^^^^^^^^^
  File "C:\Users\vinay\AppData\Roaming\Python\Python312\site-packages\prisma\actions.py", line 1377, in find_unique
    resp = await self._client._execute(
           ^^^^^^^^^^^^^^^^^^^^^^^^^^^^
  File "C:\Users\vinay\AppData\Roaming\Python\Python312\site-packages\prisma\_base_client.py", line 543, in _execute
    return await self._engine.query(builder.build(), tx_id=self._tx_id)
           ^^^^^^^^^^^^^^^^^^^^^^^^^^^^^^^^^^^^^^^^^^^^^^^^^^^^^^^^^^^^
  File "C:\Users\vinay\AppData\Roaming\Python\Python312\site-packages\prisma\engine\_query.py", line 402, in query
    return await self.request(
           ^^^^^^^^^^^^^^^^^^^
  File "C:\Users\vinay\AppData\Roaming\Python\Python312\site-packages\prisma\engine\_http.py", line 233, in request
    return self._process_response_data(data=data, response=response)
           ^^^^^^^^^^^^^^^^^^^^^^^^^^^^^^^^^^^^^^^^^^^^^^^^^^^^^^^^^
  File "C:\Users\vinay\AppData\Roaming\Python\Python312\site-packages\prisma\engine\_http.py", line 87, in _process_response_data
    return utils.handle_response_errors(response, errors_data)
           ^^^^^^^^^^^^^^^^^^^^^^^^^^^^^^^^^^^^^^^^^^^^^^^^^^^
  File "C:\Users\vinay\AppData\Roaming\Python\Python312\site-packages\prisma\engine\utils.py", line 181, in handle_response_errors
    raise prisma_errors.DataError(data[0])
prisma.errors.DataError: Can't reach database server at `ep-icy-bar-ahnr7o2t-pooler.c-3.us-east-1.aws.neon.tech:5432`

Please make sure your database server is running at `ep-icy-bar-ahnr7o2t-pooler.c-3.us-east-1.aws.neon.tech:5432`.
ERROR:    Exception in ASGI application
Traceback (most recent call last):
  File "C:\Python312\Lib\site-packages\uvicorn\protocols\http\httptools_impl.py", line 421, in run_asgi
    result = await app(  # type: ignore[func-returns-value]
             ^^^^^^^^^^^^^^^^^^^^^^^^^^^^^^^^^^^^^^^^^^^^^^
  File "C:\Python312\Lib\site-packages\uvicorn\middleware\proxy_headers.py", line 56, in __call__
    return await self.app(scope, receive, send)
           ^^^^^^^^^^^^^^^^^^^^^^^^^^^^^^^^^^^^
  File "C:\Users\vinay\AppData\Roaming\Python\Python312\site-packages\fastapi\applications.py", line 1159, in __call__
    await super().__call__(scope, receive, send)
  File "C:\Users\vinay\AppData\Roaming\Python\Python312\site-packages\starlette\applications.py", line 90, in __call__
    await self.middleware_stack(scope, receive, send)
  File "C:\Users\vinay\AppData\Roaming\Python\Python312\site-packages\starlette\middleware\errors.py", line 186, in __call__
    raise exc
  File "C:\Users\vinay\AppData\Roaming\Python\Python312\site-packages\starlette\middleware\errors.py", line 164, in __call__
    await self.app(scope, receive, _send)
  File "C:\Users\vinay\AppData\Roaming\Python\Python312\site-packages\starlette\middleware\cors.py", line 96, in __call__
    await self.simple_response(scope, receive, send, request_headers=headers)
  File "C:\Users\vinay\AppData\Roaming\Python\Python312\site-packages\starlette\middleware\cors.py", line 154, in simple_response
    await self.app(scope, receive, send)
  File "C:\Users\vinay\AppData\Roaming\Python\Python312\site-packages\starlette\middleware\exceptions.py", line 63, in __call__
    await wrap_app_handling_exceptions(self.app, conn)(scope, receive, send)
  File "C:\Users\vinay\AppData\Roaming\Python\Python312\site-packages\starlette\_exception_handler.py", line 53, in wrapped_app
    raise exc
  File "C:\Users\vinay\AppData\Roaming\Python\Python312\site-packages\starlette\_exception_handler.py", line 42, in wrapped_app
    await app(scope, receive, sender)
  File "C:\Users\vinay\AppData\Roaming\Python\Python312\site-packages\fastapi\middleware\asyncexitstack.py", line 18, in __call__
    await self.app(scope, receive, send)
  File "C:\Users\vinay\AppData\Roaming\Python\Python312\site-packages\starlette\routing.py", line 660, in __call__
    await self.middleware_stack(scope, receive, send)
  File "C:\Users\vinay\AppData\Roaming\Python\Python312\site-packages\starlette\routing.py", line 680, in app
    await route.handle(scope, receive, send)
  File "C:\Users\vinay\AppData\Roaming\Python\Python312\site-packages\starlette\routing.py", line 276, in handle
    await self.app(scope, receive, send)
  File "C:\Users\vinay\AppData\Roaming\Python\Python312\site-packages\fastapi\routing.py", line 134, in app
    await wrap_app_handling_exceptions(app, request)(scope, receive, send)
  File "C:\Users\vinay\AppData\Roaming\Python\Python312\site-packages\starlette\_exception_handler.py", line 53, in wrapped_app
    raise exc
  File "C:\Users\vinay\AppData\Roaming\Python\Python312\site-packages\starlette\_exception_handler.py", line 42, in wrapped_app
    await app(scope, receive, sender)
  File "C:\Users\vinay\AppData\Roaming\Python\Python312\site-packages\fastapi\routing.py", line 120, in app
    response = await f(request)
               ^^^^^^^^^^^^^^^^
  File "C:\Users\vinay\AppData\Roaming\Python\Python312\site-packages\fastapi\routing.py", line 674, in app
    raw_response = await run_endpoint_function(
                   ^^^^^^^^^^^^^^^^^^^^^^^^^^^^
  File "C:\Users\vinay\AppData\Roaming\Python\Python312\site-packages\fastapi\routing.py", line 328, in run_endpoint_function
    return await dependant.call(**values)
           ^^^^^^^^^^^^^^^^^^^^^^^^^^^^^^
  File "C:\Users\vinay\OneDrive\Desktop\All my projects\TechM\ContractLens\backend\app\api\auth.py", line 61, in list_demo_users
    users = await db.user.find_many(
            ^^^^^^^^^^^^^^^^^^^^^^^^
  File "C:\Users\vinay\AppData\Roaming\Python\Python312\site-packages\prisma\actions.py", line 1494, in find_many
    resp = await self._client._execute(
           ^^^^^^^^^^^^^^^^^^^^^^^^^^^^
  File "C:\Users\vinay\AppData\Roaming\Python\Python312\site-packages\prisma\_base_client.py", line 543, in _execute
    return await self._engine.query(builder.build(), tx_id=self._tx_id)
           ^^^^^^^^^^^^^^^^^^^^^^^^^^^^^^^^^^^^^^^^^^^^^^^^^^^^^^^^^^^^
  File "C:\Users\vinay\AppData\Roaming\Python\Python312\site-packages\prisma\engine\_query.py", line 402, in query
    return await self.request(
           ^^^^^^^^^^^^^^^^^^^
  File "C:\Users\vinay\AppData\Roaming\Python\Python312\site-packages\prisma\engine\_http.py", line 233, in request
    return self._process_response_data(data=data, response=response)
           ^^^^^^^^^^^^^^^^^^^^^^^^^^^^^^^^^^^^^^^^^^^^^^^^^^^^^^^^^
  File "C:\Users\vinay\AppData\Roaming\Python\Python312\site-packages\prisma\engine\_http.py", line 87, in _process_response_data
    return utils.handle_response_errors(response, errors_data)
           ^^^^^^^^^^^^^^^^^^^^^^^^^^^^^^^^^^^^^^^^^^^^^^^^^^^
  File "C:\Users\vinay\AppData\Roaming\Python\Python312\site-packages\prisma\engine\utils.py", line 181, in handle_response_errors
    raise prisma_errors.DataError(data[0])
prisma.errors.DataError: Can't reach database server at `ep-icy-bar-ahnr7o2t-pooler.c-3.us-east-1.aws.neon.tech:5432`

Please make sure your database server is running at `ep-icy-bar-ahnr7o2t-pooler.c-3.us-east-1.aws.neon.tech:5432`.
ERROR:    Exception in ASGI application
Traceback (most recent call last):
  File "C:\Python312\Lib\site-packages\uvicorn\protocols\http\httptools_impl.py", line 421, in run_asgi
    result = await app(  # type: ignore[func-returns-value]
             ^^^^^^^^^^^^^^^^^^^^^^^^^^^^^^^^^^^^^^^^^^^^^^
  File "C:\Python312\Lib\site-packages\uvicorn\middleware\proxy_headers.py", line 56, in __call__
    return await self.app(scope, receive, send)
           ^^^^^^^^^^^^^^^^^^^^^^^^^^^^^^^^^^^^
  File "C:\Users\vinay\AppData\Roaming\Python\Python312\site-packages\fastapi\applications.py", line 1159, in __call__
    await super().__call__(scope, receive, send)
  File "C:\Users\vinay\AppData\Roaming\Python\Python312\site-packages\starlette\applications.py", line 90, in __call__
    await self.middleware_stack(scope, receive, send)
  File "C:\Users\vinay\AppData\Roaming\Python\Python312\site-packages\starlette\middleware\errors.py", line 186, in __call__
    raise exc
  File "C:\Users\vinay\AppData\Roaming\Python\Python312\site-packages\starlette\middleware\errors.py", line 164, in __call__
    await self.app(scope, receive, _send)
  File "C:\Users\vinay\AppData\Roaming\Python\Python312\site-packages\starlette\middleware\cors.py", line 96, in __call__
    await self.simple_response(scope, receive, send, request_headers=headers)
  File "C:\Users\vinay\AppData\Roaming\Python\Python312\site-packages\starlette\middleware\cors.py", line 154, in simple_response
    await self.app(scope, receive, send)
  File "C:\Users\vinay\AppData\Roaming\Python\Python312\site-packages\starlette\middleware\exceptions.py", line 63, in __call__
    await wrap_app_handling_exceptions(self.app, conn)(scope, receive, send)
  File "C:\Users\vinay\AppData\Roaming\Python\Python312\site-packages\starlette\_exception_handler.py", line 53, in wrapped_app
    raise exc
  File "C:\Users\vinay\AppData\Roaming\Python\Python312\site-packages\starlette\_exception_handler.py", line 42, in wrapped_app
    await app(scope, receive, sender)
  File "C:\Users\vinay\AppData\Roaming\Python\Python312\site-packages\fastapi\middleware\asyncexitstack.py", line 18, in __call__
    await self.app(scope, receive, send)
  File "C:\Users\vinay\AppData\Roaming\Python\Python312\site-packages\starlette\routing.py", line 660, in __call__
    await self.middleware_stack(scope, receive, send)
  File "C:\Users\vinay\AppData\Roaming\Python\Python312\site-packages\starlette\routing.py", line 680, in app
    await route.handle(scope, receive, send)
  File "C:\Users\vinay\AppData\Roaming\Python\Python312\site-packages\starlette\routing.py", line 276, in handle
    await self.app(scope, receive, send)
  File "C:\Users\vinay\AppData\Roaming\Python\Python312\site-packages\fastapi\routing.py", line 134, in app
    await wrap_app_handling_exceptions(app, request)(scope, receive, send)
  File "C:\Users\vinay\AppData\Roaming\Python\Python312\site-packages\starlette\_exception_handler.py", line 53, in wrapped_app
    raise exc
  File "C:\Users\vinay\AppData\Roaming\Python\Python312\site-packages\starlette\_exception_handler.py", line 42, in wrapped_app
    await app(scope, receive, sender)
  File "C:\Users\vinay\AppData\Roaming\Python\Python312\site-packages\fastapi\routing.py", line 120, in app
    response = await f(request)
               ^^^^^^^^^^^^^^^^
  File "C:\Users\vinay\AppData\Roaming\Python\Python312\site-packages\fastapi\routing.py", line 674, in app
    raw_response = await run_endpoint_function(
                   ^^^^^^^^^^^^^^^^^^^^^^^^^^^^
  File "C:\Users\vinay\AppData\Roaming\Python\Python312\site-packages\fastapi\routing.py", line 328, in run_endpoint_function
    return await dependant.call(**values)
           ^^^^^^^^^^^^^^^^^^^^^^^^^^^^^^
  File "C:\Users\vinay\OneDrive\Desktop\All my projects\TechM\ContractLens\backend\app\api\auth.py", line 61, in list_demo_users
    users = await db.user.find_many(
            ^^^^^^^^^^^^^^^^^^^^^^^^
  File "C:\Users\vinay\AppData\Roaming\Python\Python312\site-packages\prisma\actions.py", line 1494, in find_many
    resp = await self._client._execute(
           ^^^^^^^^^^^^^^^^^^^^^^^^^^^^
  File "C:\Users\vinay\AppData\Roaming\Python\Python312\site-packages\prisma\_base_client.py", line 543, in _execute
    return await self._engine.query(builder.build(), tx_id=self._tx_id)
           ^^^^^^^^^^^^^^^^^^^^^^^^^^^^^^^^^^^^^^^^^^^^^^^^^^^^^^^^^^^^
  File "C:\Users\vinay\AppData\Roaming\Python\Python312\site-packages\prisma\engine\_query.py", line 402, in query
    return await self.request(
           ^^^^^^^^^^^^^^^^^^^
  File "C:\Users\vinay\AppData\Roaming\Python\Python312\site-packages\prisma\engine\_http.py", line 233, in request
    return self._process_response_data(data=data, response=response)
           ^^^^^^^^^^^^^^^^^^^^^^^^^^^^^^^^^^^^^^^^^^^^^^^^^^^^^^^^^
  File "C:\Users\vinay\AppData\Roaming\Python\Python312\site-packages\prisma\engine\_http.py", line 87, in _process_response_data
    return utils.handle_response_errors(response, errors_data)
           ^^^^^^^^^^^^^^^^^^^^^^^^^^^^^^^^^^^^^^^^^^^^^^^^^^^
  File "C:\Users\vinay\AppData\Roaming\Python\Python312\site-packages\prisma\engine\utils.py", line 181, in handle_response_errors
    raise prisma_errors.DataError(data[0])
prisma.errors.DataError: Can't reach database server at `ep-icy-bar-ahnr7o2t-pooler.c-3.us-east-1.aws.neon.tech:5432`

Please make sure your database server is running at `ep-icy-bar-ahnr7o2t-pooler.c-3.us-east-1.aws.neon.tech:5432`.
